<?xml version="1.0" encoding="UTF-8"?>
<!-- Generated by org.testng.reporters.JUnitXMLReporter -->
<testsuite ignored="0" hostname="DESKTOP-3EBFLNQ" failures="0" tests="3" name="ChromeTest" time="10.704" errors="0" timestamp="2025-09-12T23:32:05 IST">
  <testcase classname="TestCases.AssignmentTest" name="testScenario1" time="2.611"/>
  <testcase classname="TestCases.AssignmentTest" name="testScenario2" time="0.711"/>
  <testcase classname="TestCases.AssignmentTest" name="testScenario3" time="1.744"/>
</testsuite> <!-- ChromeTest -->
