<?xml version="1.0" encoding="UTF-8"?>
<!-- Generated by org.testng.reporters.JUnitXMLReporter -->
<testsuite ignored="0" hostname="CKMAC286.local" failures="0" tests="3" name="ChromeTest" time="57.256" errors="0" timestamp="2025-09-12T15:46:26 IST">
  <testcase classname="TestCases.AssignmentTest" name="testScenario1" time="4.059"/>
  <testcase classname="TestCases.AssignmentTest" name="testScenario2" time="8.453"/>
  <testcase classname="TestCases.AssignmentTest" name="testScenario3" time="7.405"/>
</testsuite> <!-- ChromeTest -->
