<?xml version="1.0" encoding="UTF-8"?>
<!-- Generated by org.testng.reporters.JUnitXMLReporter -->
<testsuite ignored="0" hostname="CKMAC286.local" failures="0" tests="3" name="EdgeTest" time="95.053" errors="0" timestamp="2025-09-12T15:47:03 IST">
  <testcase classname="TestCases.AssignmentTest" name="testScenario1" time="10.834"/>
  <testcase classname="TestCases.AssignmentTest" name="testScenario2" time="7.521"/>
  <testcase classname="TestCases.AssignmentTest" name="testScenario3" time="8.996"/>
</testsuite> <!-- EdgeTest -->
