<?xml version="1.0" encoding="UTF-8"?>
<testng-results ignored="0" total="3" passed="3" failed="0" skipped="0">
  <reporter-output>
  </reporter-output>
  <suite started-at="2025-09-12T23:31:55 IST" name="Lambda test suite Selenium-101" finished-at="2025-09-12T23:32:05 IST" duration-ms="10704">
    <groups>
    </groups>
    <test started-at="2025-09-12T23:31:55 IST" name="ChromeTest" finished-at="2025-09-12T23:32:05 IST" duration-ms="10704">
      <class name="TestCases.AssignmentTest">
        <test-method is-config="true" signature="setUp()[pri:0, instance:TestCases.AssignmentTest@15c43bd9]" started-at="2025-09-12T23:31:55 IST" name="setUp" finished-at="2025-09-12T23:31:57 IST" duration-ms="2088" status="PASS">
          <reporter-output>
          </reporter-output>
        </test-method> <!-- setUp -->
        <test-method signature="testScenario1()[pri:0, instance:TestCases.AssignmentTest@15c43bd9]" started-at="2025-09-12T23:31:57 IST" name="testScenario1" finished-at="2025-09-12T23:31:59 IST" duration-ms="2611" status="PASS">
          <reporter-output>
          </reporter-output>
        </test-method> <!-- testScenario1 -->
        <test-method is-config="true" signature="tearDown()[pri:0, instance:TestCases.AssignmentTest@15c43bd9]" started-at="2025-09-12T23:31:59 IST" name="tearDown" finished-at="2025-09-12T23:31:59 IST" duration-ms="143" status="PASS">
          <reporter-output>
          </reporter-output>
        </test-method> <!-- tearDown -->
        <test-method is-config="true" signature="setUp()[pri:0, instance:TestCases.AssignmentTest@15c43bd9]" started-at="2025-09-12T23:31:59 IST" name="setUp" finished-at="2025-09-12T23:32:01 IST" duration-ms="1498" status="PASS">
          <reporter-output>
          </reporter-output>
        </test-method> <!-- setUp -->
        <test-method signature="testScenario2()[pri:0, instance:TestCases.AssignmentTest@15c43bd9]" started-at="2025-09-12T23:32:01 IST" name="testScenario2" finished-at="2025-09-12T23:32:02 IST" duration-ms="711" status="PASS">
          <reporter-output>
          </reporter-output>
        </test-method> <!-- testScenario2 -->
        <test-method is-config="true" signature="tearDown()[pri:0, instance:TestCases.AssignmentTest@15c43bd9]" started-at="2025-09-12T23:32:02 IST" name="tearDown" finished-at="2025-09-12T23:32:02 IST" duration-ms="118" status="PASS">
          <reporter-output>
          </reporter-output>
        </test-method> <!-- tearDown -->
        <test-method is-config="true" signature="setUp()[pri:0, instance:TestCases.AssignmentTest@15c43bd9]" started-at="2025-09-12T23:32:02 IST" name="setUp" finished-at="2025-09-12T23:32:03 IST" duration-ms="1627" status="PASS">
          <reporter-output>
          </reporter-output>
        </test-method> <!-- setUp -->
        <test-method signature="testScenario3()[pri:0, instance:TestCases.AssignmentTest@15c43bd9]" started-at="2025-09-12T23:32:03 IST" name="testScenario3" finished-at="2025-09-12T23:32:05 IST" duration-ms="1744" status="PASS">
          <reporter-output>
          </reporter-output>
        </test-method> <!-- testScenario3 -->
        <test-method is-config="true" signature="tearDown()[pri:0, instance:TestCases.AssignmentTest@15c43bd9]" started-at="2025-09-12T23:32:05 IST" name="tearDown" finished-at="2025-09-12T23:32:05 IST" duration-ms="134" status="PASS">
          <reporter-output>
          </reporter-output>
        </test-method> <!-- tearDown -->
      </class> <!-- TestCases.AssignmentTest -->
    </test> <!-- ChromeTest -->
  </suite> <!-- Lambda test suite Selenium-101 -->
</testng-results>
